0 info it worked if it ends with ok
1 verbose cli [ '/usr/local/bin/node',
1 verbose cli   '/usr/local/bin/npm',
1 verbose cli   'version',
1 verbose cli   'patch' ]
2 info using npm@3.9.6
3 info using node@v4.1.1
4 info git [ 'status', '--porcelain' ]
5 info lifecycle hc-cog@0.4.1~preversion: hc-cog@0.4.1
6 silly lifecycle hc-cog@0.4.1~preversion: no script for preversion, continuing
7 verbose version.write data { name: 'hc-cog',
7 verbose version.write   version: '0.4.1',
7 verbose version.write   description: 'Happy Cog bash script that helps automate the development workflow',
7 verbose version.write   main: 'index.js',
7 verbose version.write   scripts: { test: 'echo \\"Error: no test specified\\" && exit 1' },
7 verbose version.write   repository: { type: 'git', url: 'git+https://github.com/happycog/cog.git' },
7 verbose version.write   author: 'Happy Cog',
7 verbose version.write   license: 'ISC',
7 verbose version.write   bugs: { url: 'https://github.com/happycog/cog/issues' },
7 verbose version.write   contributors:
7 verbose version.write    [ { name: 'Mark Huot', url: 'https://github.com/markhuot' },
7 verbose version.write      { name: 'Dan DeLauro', url: 'https://github.com/dandelauro' },
7 verbose version.write      { name: 'Paul Phan', url: 'https://github.com/mrpaulphan' } ],
7 verbose version.write   homepage: 'https://github.com/happycog/cog#readme',
7 verbose version.write   bin:
7 verbose version.write    { cog: './bin/cog',
7 verbose version.write      'cog-compile': './bin/cog-compile',
7 verbose version.write      'cog-dev': './bin/cog-dev',
7 verbose version.write      'cog-go': './bin/cog-go',
7 verbose version.write      'cog-help': './bin/cog-help',
7 verbose version.write      'cog-make': './bin/cog-make',
7 verbose version.write      'cog-make:env': './bin/cog-make:env',
7 verbose version.write      'cog-make:script': './bin/cog-make:script',
7 verbose version.write      'cog-s3-deploy': './bin/cog-s3-deploy',
7 verbose version.write      'cog-serve': './bin/cog-serve',
7 verbose version.write      'cog-update': './bin/cog-update',
7 verbose version.write      'cog-tag': './bin/cog-tag',
7 verbose version.write      'cog-watch': './bin/cog-watch' } } to package.json
8 info lifecycle hc-cog@0.4.1~version: hc-cog@0.4.1
9 silly lifecycle hc-cog@0.4.1~version: no script for version, continuing
10 info git [ 'add', '/Users/MrPaulPhan/Development/cog/package.json' ]
11 info git [ 'commit', '-m', '0.4.1' ]
12 info git [ 'tag', 'v0.4.1', '-am', '0.4.1' ]
13 verbose stack Error: Command failed: git tag v0.4.1 -am 0.4.1
13 verbose stack fatal: tag 'v0.4.1' already exists
13 verbose stack
13 verbose stack     at ChildProcess.exithandler (child_process.js:203:12)
13 verbose stack     at emitTwo (events.js:87:13)
13 verbose stack     at ChildProcess.emit (events.js:172:7)
13 verbose stack     at maybeClose (internal/child_process.js:817:16)
13 verbose stack     at Process.ChildProcess._handle.onexit (internal/child_process.js:211:5)
14 verbose cwd /Users/MrPaulPhan/Development/cog
15 error Darwin 16.4.0
16 error argv "/usr/local/bin/node" "/usr/local/bin/npm" "version" "patch"
17 error node v4.1.1
18 error npm  v3.9.6
19 error code 128
20 error Command failed: git tag v0.4.1 -am 0.4.1
20 error fatal: tag 'v0.4.1' already exists
21 error If you need help, you may report this error at:
21 error     <https://github.com/npm/npm/issues>
22 verbose exit [ 1, true ]
